Copyright 1986-2022 Xilinx, Inc. All Rights Reserved. Copyright 2022-2023 Advanced Micro Devices, Inc. All Rights Reserved.
---------------------------------------------------------------------------------------------------------------------------------------------
| Tool Version : Vivado v.2023.1 (lin64) Build 3865809 Sun May  7 15:04:56 MDT 2023
| Date         : Sun Dec 10 22:37:44 2023
| Host         : worker running 64-bit Ubuntu 20.04.6 LTS
| Command      : report_timing_summary -file obj/post_synth_timing_summary.rpt
| Design       : top_level
| Device       : 7s50-csga324
| Speed File   : -1  PRODUCTION 1.23 2018-06-13
| Design State : Synthesized
---------------------------------------------------------------------------------------------------------------------------------------------

Timing Summary Report

------------------------------------------------------------------------------------------------
| Timer Settings
| --------------
------------------------------------------------------------------------------------------------

  Enable Multi Corner Analysis               :  Yes
  Enable Pessimism Removal                   :  Yes
  Pessimism Removal Resolution               :  Nearest Common Node
  Enable Input Delay Default Clock           :  No
  Enable Preset / Clear Arcs                 :  No
  Disable Flight Delays                      :  No
  Ignore I/O Paths                           :  No
  Timing Early Launch at Borrowing Latches   :  No
  Borrow Time for Max Delay Exceptions       :  Yes
  Merge Timing Exceptions                    :  Yes

  Corner  Analyze    Analyze    
  Name    Max Paths  Min Paths  
  ------  ---------  ---------  
  Slow    Yes        Yes        
  Fast    Yes        Yes        


------------------------------------------------------------------------------------------------
| Report Methodology
| ------------------
------------------------------------------------------------------------------------------------

No report available as report_methodology has not been run prior. Run report_methodology on the current design for the summary of methodology violations.



check_timing report

Table of Contents
-----------------
1. checking no_clock (8)
2. checking constant_clock (0)
3. checking pulse_width_clock (0)
4. checking unconstrained_internal_endpoints (8)
5. checking no_input_delay (5)
6. checking no_output_delay (3)
7. checking multiple_clock (0)
8. checking generated_clocks (0)
9. checking loops (0)
10. checking partial_input_delay (0)
11. checking partial_output_delay (0)
12. checking latch_loops (0)

1. checking no_clock (8)
------------------------
 There are 8 register/latch pins with no clock driven by root clock pin: stage_one/decimate_8bits/valid_out_reg/Q (HIGH)


2. checking constant_clock (0)
------------------------------
 There are 0 register/latch pins with constant_clock.


3. checking pulse_width_clock (0)
---------------------------------
 There are 0 register/latch pins which need pulse_width check


4. checking unconstrained_internal_endpoints (8)
------------------------------------------------
 There are 8 pins that are not constrained for maximum delay. (HIGH)

 There are 0 pins that are not constrained for maximum delay due to constant clock.


5. checking no_input_delay (5)
------------------------------
 There are 5 input ports with no input delay specified. (HIGH)

 There are 0 input ports with no input delay but user has a false path constraint.


6. checking no_output_delay (3)
-------------------------------
 There are 3 ports with no output delay specified. (HIGH)

 There are 0 ports with no output delay but user has a false path constraint

 There are 0 ports with no output delay but with a timing clock defined on it or propagating through it


7. checking multiple_clock (0)
------------------------------
 There are 0 register/latch pins with multiple clocks.


8. checking generated_clocks (0)
--------------------------------
 There are 0 generated clocks that are not connected to a clock source.


9. checking loops (0)
---------------------
 There are 0 combinational loops in the design.


10. checking partial_input_delay (0)
------------------------------------
 There are 0 input ports with partial input delay specified.


11. checking partial_output_delay (0)
-------------------------------------
 There are 0 ports with partial output delay specified.


12. checking latch_loops (0)
----------------------------
 There are 0 combinational latch loops in the design through latch input



------------------------------------------------------------------------------------------------
| Design Timing Summary
| ---------------------
------------------------------------------------------------------------------------------------

    WNS(ns)      TNS(ns)  TNS Failing Endpoints  TNS Total Endpoints      WHS(ns)      THS(ns)  THS Failing Endpoints  THS Total Endpoints     WPWS(ns)     TPWS(ns)  TPWS Failing Endpoints  TPWS Total Endpoints  
    -------      -------  ---------------------  -------------------      -------      -------  ---------------------  -------------------     --------     --------  ----------------------  --------------------  
      1.251        0.000                      0                  167        0.071        0.000                      0                  167        2.000        0.000                       0                    87  


All user specified timing constraints are met.


------------------------------------------------------------------------------------------------
| Clock Summary
| -------------
------------------------------------------------------------------------------------------------

Clock                     Waveform(ns)       Period(ns)      Frequency(MHz)
-----                     ------------       ----------      --------------
gclk                      {0.000 4.000}      10.000          100.000         
  clk_out_audio_clk_wiz   {0.000 5.087}      10.173          98.298          
  clkfbout_audio_clk_wiz  {0.000 25.000}     50.000          20.000          


------------------------------------------------------------------------------------------------
| Intra Clock Table
| -----------------
------------------------------------------------------------------------------------------------

Clock                         WNS(ns)      TNS(ns)  TNS Failing Endpoints  TNS Total Endpoints      WHS(ns)      THS(ns)  THS Failing Endpoints  THS Total Endpoints     WPWS(ns)     TPWS(ns)  TPWS Failing Endpoints  TPWS Total Endpoints  
-----                         -------      -------  ---------------------  -------------------      -------      -------  ---------------------  -------------------     --------     --------  ----------------------  --------------------  
gclk                                                                                                                                                                        2.000        0.000                       0                     1  
  clk_out_audio_clk_wiz         1.251        0.000                      0                  167        0.071        0.000                      0                  167        4.587        0.000                       0                    83  
  clkfbout_audio_clk_wiz                                                                                                                                                   47.845        0.000                       0                     3  


------------------------------------------------------------------------------------------------
| Inter Clock Table
| -----------------
------------------------------------------------------------------------------------------------

From Clock    To Clock          WNS(ns)      TNS(ns)  TNS Failing Endpoints  TNS Total Endpoints      WHS(ns)      THS(ns)  THS Failing Endpoints  THS Total Endpoints  
----------    --------          -------      -------  ---------------------  -------------------      -------      -------  ---------------------  -------------------  


------------------------------------------------------------------------------------------------
| Other Path Groups Table
| -----------------------
------------------------------------------------------------------------------------------------

Path Group    From Clock    To Clock          WNS(ns)      TNS(ns)  TNS Failing Endpoints  TNS Total Endpoints      WHS(ns)      THS(ns)  THS Failing Endpoints  THS Total Endpoints  
----------    ----------    --------          -------      -------  ---------------------  -------------------      -------      -------  ---------------------  -------------------  


------------------------------------------------------------------------------------------------
| Timing Details
| --------------
------------------------------------------------------------------------------------------------


---------------------------------------------------------------------------------------------------
From Clock:  gclk
  To Clock:  gclk

Setup :           NA  Failing Endpoints,  Worst Slack           NA  ,  Total Violation           NA
Hold  :           NA  Failing Endpoints,  Worst Slack           NA  ,  Total Violation           NA
PW    :            0  Failing Endpoints,  Worst Slack        2.000ns,  Total Violation        0.000ns
---------------------------------------------------------------------------------------------------


Pulse Width Checks
--------------------------------------------------------------------------------------
Clock Name:         gclk
Waveform(ns):       { 0.000 4.000 }
Period(ns):         10.000
Sources:            { clk_100mhz }

Check Type        Corner  Lib Pin            Reference Pin  Required(ns)  Actual(ns)  Slack(ns)  Location  Pin
Min Period        n/a     MMCME2_ADV/CLKIN1  n/a            1.249         10.000      8.751                macw/mmcm_adv_inst/CLKIN1
Max Period        n/a     MMCME2_ADV/CLKIN1  n/a            100.000       10.000      90.000               macw/mmcm_adv_inst/CLKIN1
Low Pulse Width   Slow    MMCME2_ADV/CLKIN1  n/a            2.000         6.000       4.000                macw/mmcm_adv_inst/CLKIN1
High Pulse Width  Slow    MMCME2_ADV/CLKIN1  n/a            2.000         4.000       2.000                macw/mmcm_adv_inst/CLKIN1



---------------------------------------------------------------------------------------------------
From Clock:  clk_out_audio_clk_wiz
  To Clock:  clk_out_audio_clk_wiz

Setup :            0  Failing Endpoints,  Worst Slack        1.251ns,  Total Violation        0.000ns
Hold  :            0  Failing Endpoints,  Worst Slack        0.071ns,  Total Violation        0.000ns
PW    :            0  Failing Endpoints,  Worst Slack        4.587ns,  Total Violation        0.000ns
---------------------------------------------------------------------------------------------------


Max Delay Paths
--------------------------------------------------------------------------------------
Slack (MET) :             1.251ns  (required time - arrival time)
  Source:                 stage_one/eight_bits_fir/delay_buffer_reg[23][7]/C
                            (rising edge-triggered cell FDRE clocked by clk_out_audio_clk_wiz  {rise@0.000ns fall@5.087ns period=10.173ns})
  Destination:            stage_one/eight_bits_fir/accumulator_reg[13]/D
                            (rising edge-triggered cell FDRE clocked by clk_out_audio_clk_wiz  {rise@0.000ns fall@5.087ns period=10.173ns})
  Path Group:             clk_out_audio_clk_wiz
  Path Type:              Setup (Max at Slow Process Corner)
  Requirement:            10.173ns  (clk_out_audio_clk_wiz rise@10.173ns - clk_out_audio_clk_wiz rise@0.000ns)
  Data Path Delay:        8.732ns  (logic 3.943ns (45.156%)  route 4.789ns (54.844%))
  Logic Levels:           10  (CARRY4=4 LUT2=1 LUT6=4 MUXF7=1)
  Clock Path Skew:        -0.145ns (DCD - SCD + CPR)
    Destination Clock Delay (DCD):    -2.279ns = ( 7.894 - 10.173 ) 
    Source Clock Delay      (SCD):    -1.604ns
    Clock Pessimism Removal (CPR):    0.530ns
  Clock Uncertainty:      0.107ns  ((TSJ^2 + DJ^2)^1/2) / 2 + PE
    Total System Jitter     (TSJ):    0.071ns
    Discrete Jitter          (DJ):    0.203ns
    Phase Error              (PE):    0.000ns

    Location             Delay type                Incr(ns)  Path(ns)    Netlist Resource(s)
  -------------------------------------------------------------------    -------------------
                         (clock clk_out_audio_clk_wiz rise edge)
                                                      0.000     0.000 r  
    N15                                               0.000     0.000 r  clk_100mhz (IN)
                         net (fo=0)                   0.000     0.000    macw/clk_100mhz
    N15                  IBUF (Prop_ibuf_I_O)         1.440     1.440 r  macw/clkin1_ibufg/O
                         net (fo=1, unplaced)         0.584     2.024    macw/clk_in_audio_clk_wiz
                         MMCME2_ADV (Prop_mmcme2_adv_CLKIN1_CLKOUT0)
                                                     -5.108    -3.083 r  macw/mmcm_adv_inst/CLKOUT0
                         net (fo=1, unplaced)         0.800    -2.284    macw/clk_out_audio_clk_wiz
                         BUFG (Prop_bufg_I_O)         0.096    -2.188 r  macw/clkout1_buf/O
                         net (fo=81, unplaced)        0.584    -1.604    stage_one/eight_bits_fir/clk_out
                         FDRE                                         r  stage_one/eight_bits_fir/delay_buffer_reg[23][7]/C
  -------------------------------------------------------------------    -------------------
                         FDRE (Prop_fdre_C_Q)         0.456    -1.148 r  stage_one/eight_bits_fir/delay_buffer_reg[23][7]/Q
                         net (fo=2, unplaced)         0.976    -0.172    stage_one/eight_bits_fir/delay_buffer_reg[23][7]
                         LUT6 (Prop_lut6_I0_O)        0.295     0.123 r  stage_one/eight_bits_fir/accumulator1_carry_i_20/O
                         net (fo=1, unplaced)         0.000     0.123    stage_one/eight_bits_fir/accumulator1_carry_i_20_n_0
                         MUXF7 (Prop_muxf7_I1_O)      0.245     0.368 r  stage_one/eight_bits_fir/accumulator1_carry_i_14/O
                         net (fo=1, unplaced)         0.905     1.273    stage_one/eight_bits_fir/accumulator1_carry_i_14_n_0
                         LUT6 (Prop_lut6_I1_O)        0.298     1.571 r  stage_one/eight_bits_fir/accumulator1_carry_i_9/O
                         net (fo=32, unplaced)        0.520     2.091    stage_one/eight_bits_fir/delay_buffer__1[5]
                         LUT6 (Prop_lut6_I5_O)        0.124     2.215 r  stage_one/eight_bits_fir/accumulator1_carry_i_3/O
                         net (fo=2, unplaced)         0.650     2.865    stage_one/eight_bits_fir/accumulator1_carry_i_3_n_0
                         CARRY4 (Prop_carry4_DI[1]_O[2])
                                                      0.554     3.419 r  stage_one/eight_bits_fir/accumulator1_carry/O[2]
                         net (fo=3, unplaced)         0.470     3.889    stage_one/eight_bits_fir/accumulator1_carry_n_5
                         LUT6 (Prop_lut6_I0_O)        0.301     4.190 r  stage_one/eight_bits_fir/accumulator1__36_carry_i_3/O
                         net (fo=1, unplaced)         0.639     4.829    stage_one/eight_bits_fir/accumulator1__36_carry_i_3_n_0
                         CARRY4 (Prop_carry4_DI[1]_O[3])
                                                      0.614     5.443 r  stage_one/eight_bits_fir/accumulator1__36_carry/O[3]
                         net (fo=2, unplaced)         0.629     6.072    stage_one/eight_bits_fir/accumulator1[11]
                         LUT2 (Prop_lut2_I0_O)        0.307     6.379 r  stage_one/eight_bits_fir/accumulator[8]_i_2/O
                         net (fo=1, unplaced)         0.000     6.379    stage_one/eight_bits_fir/accumulator[8]_i_2_n_0
                         CARRY4 (Prop_carry4_S[3]_CO[3])
                                                      0.401     6.780 r  stage_one/eight_bits_fir/accumulator_reg[8]_i_1/CO[3]
                         net (fo=1, unplaced)         0.000     6.780    stage_one/eight_bits_fir/accumulator_reg[8]_i_1_n_0
                         CARRY4 (Prop_carry4_CI_O[1])
                                                      0.348     7.128 r  stage_one/eight_bits_fir/accumulator_reg[12]_i_1/O[1]
                         net (fo=1, unplaced)         0.000     7.128    stage_one/eight_bits_fir/accumulator_reg[12]_i_1_n_6
                         FDRE                                         r  stage_one/eight_bits_fir/accumulator_reg[13]/D
  -------------------------------------------------------------------    -------------------

                         (clock clk_out_audio_clk_wiz rise edge)
                                                     10.173    10.173 r  
    N15                                               0.000    10.173 r  clk_100mhz (IN)
                         net (fo=0)                   0.000    10.173    macw/clk_100mhz
    N15                  IBUF (Prop_ibuf_I_O)         1.370    11.543 r  macw/clkin1_ibufg/O
                         net (fo=1, unplaced)         0.439    11.982    macw/clk_in_audio_clk_wiz
                         MMCME2_ADV (Prop_mmcme2_adv_CLKIN1_CLKOUT0)
                                                     -5.378     6.605 r  macw/mmcm_adv_inst/CLKOUT0
                         net (fo=1, unplaced)         0.760     7.364    macw/clk_out_audio_clk_wiz
                         BUFG (Prop_bufg_I_O)         0.091     7.455 r  macw/clkout1_buf/O
                         net (fo=81, unplaced)        0.439     7.894    stage_one/eight_bits_fir/clk_out
                         FDRE                                         r  stage_one/eight_bits_fir/accumulator_reg[13]/C
                         clock pessimism              0.530     8.424    
                         clock uncertainty           -0.107     8.317    
                         FDRE (Setup_fdre_C_D)        0.062     8.379    stage_one/eight_bits_fir/accumulator_reg[13]
  -------------------------------------------------------------------
                         required time                          8.379    
                         arrival time                          -7.128    
  -------------------------------------------------------------------
                         slack                                  1.251    





Min Delay Paths
--------------------------------------------------------------------------------------
Slack (MET) :             0.071ns  (arrival time - required time)
  Source:                 my_pdm/flip_out_reg[4]/C
                            (rising edge-triggered cell FDRE clocked by clk_out_audio_clk_wiz  {rise@0.000ns fall@5.087ns period=10.173ns})
  Destination:            my_pdm/flip_out_reg[5]/D
                            (rising edge-triggered cell FDRE clocked by clk_out_audio_clk_wiz  {rise@0.000ns fall@5.087ns period=10.173ns})
  Path Group:             clk_out_audio_clk_wiz
  Path Type:              Hold (Min at Fast Process Corner)
  Requirement:            0.000ns  (clk_out_audio_clk_wiz rise@0.000ns - clk_out_audio_clk_wiz rise@0.000ns)
  Data Path Delay:        0.321ns  (logic 0.235ns (73.307%)  route 0.086ns (26.693%))
  Logic Levels:           1  (CARRY4=1)
  Clock Path Skew:        0.145ns (DCD - SCD - CPR)
    Destination Clock Delay (DCD):    -1.112ns
    Source Clock Delay      (SCD):    -0.976ns
    Clock Pessimism Removal (CPR):    -0.281ns

    Location             Delay type                Incr(ns)  Path(ns)    Netlist Resource(s)
  -------------------------------------------------------------------    -------------------
                         (clock clk_out_audio_clk_wiz rise edge)
                                                      0.000     0.000 r  
    N15                                               0.000     0.000 r  clk_100mhz (IN)
                         net (fo=0)                   0.000     0.000    macw/clk_100mhz
    N15                  IBUF (Prop_ibuf_I_O)         0.209     0.209 r  macw/clkin1_ibufg/O
                         net (fo=1, unplaced)         0.114     0.323    macw/clk_in_audio_clk_wiz
                         MMCME2_ADV (Prop_mmcme2_adv_CLKIN1_CLKOUT0)
                                                     -1.776    -1.454 r  macw/mmcm_adv_inst/CLKOUT0
                         net (fo=1, unplaced)         0.337    -1.116    macw/clk_out_audio_clk_wiz
                         BUFG (Prop_bufg_I_O)         0.026    -1.090 r  macw/clkout1_buf/O
                         net (fo=81, unplaced)        0.114    -0.976    my_pdm/clk_out
                         FDRE                                         r  my_pdm/flip_out_reg[4]/C
  -------------------------------------------------------------------    -------------------
                         FDRE (Prop_fdre_C_Q)         0.141    -0.835 r  my_pdm/flip_out_reg[4]/Q
                         net (fo=2, unplaced)         0.086    -0.750    my_pdm/Q[3]
                         CARRY4 (Prop_carry4_DI[0]_O[1])
                                                      0.094    -0.656 r  my_pdm/flip_out0_inferred__0/i__carry__0/O[1]
                         net (fo=1, unplaced)         0.000    -0.656    my_pdm/flip_out0_inferred__0/i__carry__0_n_6
                         FDRE                                         r  my_pdm/flip_out_reg[5]/D
  -------------------------------------------------------------------    -------------------

                         (clock clk_out_audio_clk_wiz rise edge)
                                                      0.000     0.000 r  
    N15                                               0.000     0.000 r  clk_100mhz (IN)
                         net (fo=0)                   0.000     0.000    macw/clk_100mhz
    N15                  IBUF (Prop_ibuf_I_O)         0.396     0.396 r  macw/clkin1_ibufg/O
                         net (fo=1, unplaced)         0.259     0.655    macw/clk_in_audio_clk_wiz
                         MMCME2_ADV (Prop_mmcme2_adv_CLKIN1_CLKOUT0)
                                                     -2.410    -1.755 r  macw/mmcm_adv_inst/CLKOUT0
                         net (fo=1, unplaced)         0.355    -1.400    macw/clk_out_audio_clk_wiz
                         BUFG (Prop_bufg_I_O)         0.029    -1.371 r  macw/clkout1_buf/O
                         net (fo=81, unplaced)        0.259    -1.112    my_pdm/clk_out
                         FDRE                                         r  my_pdm/flip_out_reg[5]/C
                         clock pessimism              0.281    -0.831    
                         FDRE (Hold_fdre_C_D)         0.105    -0.726    my_pdm/flip_out_reg[5]
  -------------------------------------------------------------------
                         required time                          0.726    
                         arrival time                          -0.656    
  -------------------------------------------------------------------
                         slack                                  0.071    





Pulse Width Checks
--------------------------------------------------------------------------------------
Clock Name:         clk_out_audio_clk_wiz
Waveform(ns):       { 0.000 5.087 }
Period(ns):         10.173
Sources:            { macw/mmcm_adv_inst/CLKOUT0 }

Check Type        Corner  Lib Pin             Reference Pin  Required(ns)  Actual(ns)  Slack(ns)  Location  Pin
Min Period        n/a     BUFG/I              n/a            2.155         10.173      8.018                macw/clkout1_buf/I
Max Period        n/a     MMCME2_ADV/CLKOUT0  n/a            213.360       10.173      203.187              macw/mmcm_adv_inst/CLKOUT0
Low Pulse Width   Slow    FDRE/C              n/a            0.500         5.087       4.587                fixed_point_8bits_reg[5]/C
High Pulse Width  Slow    FDRE/C              n/a            0.500         5.087       4.587                fixed_point_8bits_reg[5]/C



---------------------------------------------------------------------------------------------------
From Clock:  clkfbout_audio_clk_wiz
  To Clock:  clkfbout_audio_clk_wiz

Setup :           NA  Failing Endpoints,  Worst Slack           NA  ,  Total Violation           NA
Hold  :           NA  Failing Endpoints,  Worst Slack           NA  ,  Total Violation           NA
PW    :            0  Failing Endpoints,  Worst Slack       47.845ns,  Total Violation        0.000ns
---------------------------------------------------------------------------------------------------


Pulse Width Checks
--------------------------------------------------------------------------------------
Clock Name:         clkfbout_audio_clk_wiz
Waveform(ns):       { 0.000 25.000 }
Period(ns):         50.000
Sources:            { macw/mmcm_adv_inst/CLKFBOUT }

Check Type  Corner  Lib Pin             Reference Pin  Required(ns)  Actual(ns)  Slack(ns)  Location  Pin
Min Period  n/a     BUFG/I              n/a            2.155         50.000      47.845               macw/clkf_buf/I
Max Period  n/a     MMCME2_ADV/CLKFBIN  n/a            100.000       50.000      50.000               macw/mmcm_adv_inst/CLKFBIN



