Copyright 1986-2022 Xilinx, Inc. All Rights Reserved. Copyright 2022-2023 Advanced Micro Devices, Inc. All Rights Reserved.
---------------------------------------------------------------------------------------------------------------------------------------------
| Tool Version : Vivado v.2023.1 (lin64) Build 3865809 Sun May  7 15:04:56 MDT 2023
| Date         : Tue Nov 28 01:21:16 2023
| Host         : worker running 64-bit Ubuntu 20.04.6 LTS
| Command      : report_timing -file obj/post_place_timing.rpt
| Design       : top_level
| Device       : 7s50-csga324
| Speed File   : -1  PRODUCTION 1.23 2018-06-13
| Design State : Physopt postPlace
---------------------------------------------------------------------------------------------------------------------------------------------

Timing Report

Slack:                    inf
  Source:                 sw[4]
                            (input port)
  Destination:            spkl
                            (output port)
  Path Group:             (none)
  Path Type:              Max at Slow Process Corner
  Data Path Delay:        9.263ns  (logic 5.015ns (54.139%)  route 4.248ns (45.861%))
  Logic Levels:           2  (IBUF=1 OBUF=1)

    Location             Delay type                Incr(ns)  Path(ns)    Netlist Resource(s)
  -------------------------------------------------------------------    -------------------
    E1                                                0.000     0.000 r  sw[4] (IN)
                         net (fo=0)                   0.000     0.000    sw[4]
    E1                   IBUF (Prop_ibuf_I_O)         1.465     1.465 r  sw_IBUF[4]_inst/O
                         net (fo=3, estimated)        4.248     5.713    spkr_OBUF
    B13                  OBUF (Prop_obuf_I_O)         3.550     9.263 r  spkl_OBUF_inst/O
                         net (fo=0)                   0.000     9.263    spkl
    B13                                                               r  spkl (OUT)
  -------------------------------------------------------------------    -------------------




