Copyright 1986-2022 Xilinx, Inc. All Rights Reserved. Copyright 2022-2023 Advanced Micro Devices, Inc. All Rights Reserved.
---------------------------------------------------------------------------------------------------------------------------------------------
| Tool Version : Vivado v.2023.1 (lin64) Build 3865809 Sun May  7 15:04:56 MDT 2023
| Date         : Sun Dec 10 22:37:44 2023
| Host         : worker running 64-bit Ubuntu 20.04.6 LTS
| Command      : report_timing -file obj/post_synth_timing.rpt
| Design       : top_level
| Device       : 7s50-csga324
| Speed File   : -1  PRODUCTION 1.23 2018-06-13
| Design State : Synthesized
---------------------------------------------------------------------------------------------------------------------------------------------

Timing Report

Slack (MET) :             1.251ns  (required time - arrival time)
  Source:                 stage_one/eight_bits_fir/delay_buffer_reg[23][7]/C
                            (rising edge-triggered cell FDRE clocked by clk_out_audio_clk_wiz  {rise@0.000ns fall@5.087ns period=10.173ns})
  Destination:            stage_one/eight_bits_fir/accumulator_reg[13]/D
                            (rising edge-triggered cell FDRE clocked by clk_out_audio_clk_wiz  {rise@0.000ns fall@5.087ns period=10.173ns})
  Path Group:             clk_out_audio_clk_wiz
  Path Type:              Setup (Max at Slow Process Corner)
  Requirement:            10.173ns  (clk_out_audio_clk_wiz rise@10.173ns - clk_out_audio_clk_wiz rise@0.000ns)
  Data Path Delay:        8.732ns  (logic 3.943ns (45.156%)  route 4.789ns (54.844%))
  Logic Levels:           10  (CARRY4=4 LUT2=1 LUT6=4 MUXF7=1)
  Clock Path Skew:        -0.145ns (DCD - SCD + CPR)
    Destination Clock Delay (DCD):    -2.279ns = ( 7.894 - 10.173 ) 
    Source Clock Delay      (SCD):    -1.604ns
    Clock Pessimism Removal (CPR):    0.530ns
  Clock Uncertainty:      0.107ns  ((TSJ^2 + DJ^2)^1/2) / 2 + PE
    Total System Jitter     (TSJ):    0.071ns
    Discrete Jitter          (DJ):    0.203ns
    Phase Error              (PE):    0.000ns

    Location             Delay type                Incr(ns)  Path(ns)    Netlist Resource(s)
  -------------------------------------------------------------------    -------------------
                         (clock clk_out_audio_clk_wiz rise edge)
                                                      0.000     0.000 r  
    N15                                               0.000     0.000 r  clk_100mhz (IN)
                         net (fo=0)                   0.000     0.000    macw/clk_100mhz
    N15                  IBUF (Prop_ibuf_I_O)         1.440     1.440 r  macw/clkin1_ibufg/O
                         net (fo=1, unplaced)         0.584     2.024    macw/clk_in_audio_clk_wiz
                         MMCME2_ADV (Prop_mmcme2_adv_CLKIN1_CLKOUT0)
                                                     -5.108    -3.083 r  macw/mmcm_adv_inst/CLKOUT0
                         net (fo=1, unplaced)         0.800    -2.284    macw/clk_out_audio_clk_wiz
                         BUFG (Prop_bufg_I_O)         0.096    -2.188 r  macw/clkout1_buf/O
                         net (fo=81, unplaced)        0.584    -1.604    stage_one/eight_bits_fir/clk_out
                         FDRE                                         r  stage_one/eight_bits_fir/delay_buffer_reg[23][7]/C
  -------------------------------------------------------------------    -------------------
                         FDRE (Prop_fdre_C_Q)         0.456    -1.148 r  stage_one/eight_bits_fir/delay_buffer_reg[23][7]/Q
                         net (fo=2, unplaced)         0.976    -0.172    stage_one/eight_bits_fir/delay_buffer_reg[23][7]
                         LUT6 (Prop_lut6_I0_O)        0.295     0.123 r  stage_one/eight_bits_fir/accumulator1_carry_i_20/O
                         net (fo=1, unplaced)         0.000     0.123    stage_one/eight_bits_fir/accumulator1_carry_i_20_n_0
                         MUXF7 (Prop_muxf7_I1_O)      0.245     0.368 r  stage_one/eight_bits_fir/accumulator1_carry_i_14/O
                         net (fo=1, unplaced)         0.905     1.273    stage_one/eight_bits_fir/accumulator1_carry_i_14_n_0
                         LUT6 (Prop_lut6_I1_O)        0.298     1.571 r  stage_one/eight_bits_fir/accumulator1_carry_i_9/O
                         net (fo=32, unplaced)        0.520     2.091    stage_one/eight_bits_fir/delay_buffer__1[5]
                         LUT6 (Prop_lut6_I5_O)        0.124     2.215 r  stage_one/eight_bits_fir/accumulator1_carry_i_3/O
                         net (fo=2, unplaced)         0.650     2.865    stage_one/eight_bits_fir/accumulator1_carry_i_3_n_0
                         CARRY4 (Prop_carry4_DI[1]_O[2])
                                                      0.554     3.419 r  stage_one/eight_bits_fir/accumulator1_carry/O[2]
                         net (fo=3, unplaced)         0.470     3.889    stage_one/eight_bits_fir/accumulator1_carry_n_5
                         LUT6 (Prop_lut6_I0_O)        0.301     4.190 r  stage_one/eight_bits_fir/accumulator1__36_carry_i_3/O
                         net (fo=1, unplaced)         0.639     4.829    stage_one/eight_bits_fir/accumulator1__36_carry_i_3_n_0
                         CARRY4 (Prop_carry4_DI[1]_O[3])
                                                      0.614     5.443 r  stage_one/eight_bits_fir/accumulator1__36_carry/O[3]
                         net (fo=2, unplaced)         0.629     6.072    stage_one/eight_bits_fir/accumulator1[11]
                         LUT2 (Prop_lut2_I0_O)        0.307     6.379 r  stage_one/eight_bits_fir/accumulator[8]_i_2/O
                         net (fo=1, unplaced)         0.000     6.379    stage_one/eight_bits_fir/accumulator[8]_i_2_n_0
                         CARRY4 (Prop_carry4_S[3]_CO[3])
                                                      0.401     6.780 r  stage_one/eight_bits_fir/accumulator_reg[8]_i_1/CO[3]
                         net (fo=1, unplaced)         0.000     6.780    stage_one/eight_bits_fir/accumulator_reg[8]_i_1_n_0
                         CARRY4 (Prop_carry4_CI_O[1])
                                                      0.348     7.128 r  stage_one/eight_bits_fir/accumulator_reg[12]_i_1/O[1]
                         net (fo=1, unplaced)         0.000     7.128    stage_one/eight_bits_fir/accumulator_reg[12]_i_1_n_6
                         FDRE                                         r  stage_one/eight_bits_fir/accumulator_reg[13]/D
  -------------------------------------------------------------------    -------------------

                         (clock clk_out_audio_clk_wiz rise edge)
                                                     10.173    10.173 r  
    N15                                               0.000    10.173 r  clk_100mhz (IN)
                         net (fo=0)                   0.000    10.173    macw/clk_100mhz
    N15                  IBUF (Prop_ibuf_I_O)         1.370    11.543 r  macw/clkin1_ibufg/O
                         net (fo=1, unplaced)         0.439    11.982    macw/clk_in_audio_clk_wiz
                         MMCME2_ADV (Prop_mmcme2_adv_CLKIN1_CLKOUT0)
                                                     -5.378     6.605 r  macw/mmcm_adv_inst/CLKOUT0
                         net (fo=1, unplaced)         0.760     7.364    macw/clk_out_audio_clk_wiz
                         BUFG (Prop_bufg_I_O)         0.091     7.455 r  macw/clkout1_buf/O
                         net (fo=81, unplaced)        0.439     7.894    stage_one/eight_bits_fir/clk_out
                         FDRE                                         r  stage_one/eight_bits_fir/accumulator_reg[13]/C
                         clock pessimism              0.530     8.424    
                         clock uncertainty           -0.107     8.317    
                         FDRE (Setup_fdre_C_D)        0.062     8.379    stage_one/eight_bits_fir/accumulator_reg[13]
  -------------------------------------------------------------------
                         required time                          8.379    
                         arrival time                          -7.128    
  -------------------------------------------------------------------
                         slack                                  1.251    




