Copyright 1986-2022 Xilinx, Inc. All Rights Reserved. Copyright 2022-2023 Advanced Micro Devices, Inc. All Rights Reserved.
---------------------------------------------------------------------------------------------------------------------------------------------
| Tool Version : Vivado v.2023.1 (lin64) Build 3865809 Sun May  7 15:04:56 MDT 2023
| Date         : Thu Dec 14 01:52:33 2023
| Host         : worker running 64-bit Ubuntu 20.04.6 LTS
| Command      : report_timing -file obj/post_route_timing.rpt
| Design       : top_level
| Device       : 7s50-csga324
| Speed File   : -1  PRODUCTION 1.23 2018-06-13
| Design State : Routed
---------------------------------------------------------------------------------------------------------------------------------------------

Timing Report

Slack (MET) :             1.324ns  (required time - arrival time)
  Source:                 stage_three/fir/valid_counter_reg[1]/C
                            (rising edge-triggered cell FDRE clocked by clk_out_audio_clk_wiz  {rise@0.000ns fall@5.087ns period=10.173ns})
  Destination:            stage_three/fir/accumulator_reg/A[1]
                            (rising edge-triggered cell DSP48E1 clocked by clk_out_audio_clk_wiz  {rise@0.000ns fall@5.087ns period=10.173ns})
  Path Group:             clk_out_audio_clk_wiz
  Path Type:              Setup (Max at Slow Process Corner)
  Requirement:            10.173ns  (clk_out_audio_clk_wiz rise@10.173ns - clk_out_audio_clk_wiz rise@0.000ns)
  Data Path Delay:        5.003ns  (logic 1.227ns (24.527%)  route 3.776ns (75.473%))
  Logic Levels:           3  (LUT6=2 MUXF7=1)
  Clock Path Skew:        -0.017ns (DCD - SCD + CPR)
    Destination Clock Delay (DCD):    -1.471ns = ( 8.702 - 10.173 ) 
    Source Clock Delay      (SCD):    -0.964ns
    Clock Pessimism Removal (CPR):    0.490ns
  Clock Uncertainty:      0.107ns  ((TSJ^2 + DJ^2)^1/2) / 2 + PE
    Total System Jitter     (TSJ):    0.071ns
    Discrete Jitter          (DJ):    0.203ns
    Phase Error              (PE):    0.000ns

    Location             Delay type                Incr(ns)  Path(ns)    Netlist Resource(s)
  -------------------------------------------------------------------    -------------------
                         (clock clk_out_audio_clk_wiz rise edge)
                                                      0.000     0.000 r  
    N15                                               0.000     0.000 r  clk_100mhz (IN)
                         net (fo=0)                   0.000     0.000    macw/clk_100mhz
    N15                  IBUF (Prop_ibuf_I_O)         1.440     1.440 r  macw/clkin1_ibufg/O
                         net (fo=1, routed)           1.233     2.673    macw/clk_in_audio_clk_wiz
    MMCME2_ADV_X0Y0      MMCME2_ADV (Prop_mmcme2_adv_CLKIN1_CLKOUT0)
                                                     -6.965    -4.291 r  macw/mmcm_adv_inst/CLKOUT0
                         net (fo=1, routed)           1.666    -2.625    macw/clk_out_audio_clk_wiz
    BUFGCTRL_X0Y0        BUFG (Prop_bufg_I_O)         0.096    -2.529 r  macw/clkout1_buf/O
                         net (fo=2835, routed)        1.565    -0.964    stage_three/fir/clk_out
    SLICE_X37Y45         FDRE                                         r  stage_three/fir/valid_counter_reg[1]/C
  -------------------------------------------------------------------    -------------------
    SLICE_X37Y45         FDRE (Prop_fdre_C_Q)         0.419    -0.545 r  stage_three/fir/valid_counter_reg[1]/Q
                         net (fo=132, routed)         1.550     1.005    stage_three/fir/valid_counter_reg_n_0_[1]
    SLICE_X48Y41         LUT6 (Prop_lut6_I2_O)        0.297     1.302 r  stage_three/fir/accumulator_reg_i_195__0/O
                         net (fo=1, routed)           0.000     1.302    stage_three/fir/accumulator_reg_i_195__0_n_0
    SLICE_X48Y41         MUXF7 (Prop_muxf7_I0_O)      0.212     1.514 r  stage_three/fir/accumulator_reg_i_89__0/O
                         net (fo=1, routed)           0.883     2.397    stage_three/fir/accumulator_reg_i_89__0_n_0
    SLICE_X46Y42         LUT6 (Prop_lut6_I1_O)        0.299     2.696 r  stage_three/fir/accumulator_reg_i_30__1/O
                         net (fo=1, routed)           1.343     4.039    stage_three/fir/delay_buffer[1]
    DSP48_X0Y16          DSP48E1                                      r  stage_three/fir/accumulator_reg/A[1]
  -------------------------------------------------------------------    -------------------

                         (clock clk_out_audio_clk_wiz rise edge)
                                                     10.173    10.173 r  
    N15                                               0.000    10.173 r  clk_100mhz (IN)
                         net (fo=0)                   0.000    10.173    macw/clk_100mhz
    N15                  IBUF (Prop_ibuf_I_O)         1.370    11.543 r  macw/clkin1_ibufg/O
                         net (fo=1, routed)           1.162    12.705    macw/clk_in_audio_clk_wiz
    MMCME2_ADV_X0Y0      MMCME2_ADV (Prop_mmcme2_adv_CLKIN1_CLKOUT0)
                                                     -7.221     5.484 r  macw/mmcm_adv_inst/CLKOUT0
                         net (fo=1, routed)           1.587     7.071    macw/clk_out_audio_clk_wiz
    BUFGCTRL_X0Y0        BUFG (Prop_bufg_I_O)         0.091     7.162 r  macw/clkout1_buf/O
                         net (fo=2835, routed)        1.540     8.702    stage_three/fir/clk_out
    DSP48_X0Y16          DSP48E1                                      r  stage_three/fir/accumulator_reg/CLK
                         clock pessimism              0.490     9.192    
                         clock uncertainty           -0.107     9.085    
    DSP48_X0Y16          DSP48E1 (Setup_dsp48e1_CLK_A[1])
                                                     -3.722     5.363    stage_three/fir/accumulator_reg
  -------------------------------------------------------------------
                         required time                          5.363    
                         arrival time                          -4.039    
  -------------------------------------------------------------------
                         slack                                  1.324    




