Copyright 1986-2022 Xilinx, Inc. All Rights Reserved. Copyright 2022-2023 Advanced Micro Devices, Inc. All Rights Reserved.
---------------------------------------------------------------------------------------------------------------------------------------------
| Tool Version : Vivado v.2023.1 (lin64) Build 3865809 Sun May  7 15:04:56 MDT 2023
| Date         : Thu Dec 14 01:52:20 2023
| Host         : worker running 64-bit Ubuntu 20.04.6 LTS
| Command      : report_timing_summary -file obj/post_place_timing_summary.rpt
| Design       : top_level
| Device       : 7s50-csga324
| Speed File   : -1  PRODUCTION 1.23 2018-06-13
| Design State : Fully Placed
---------------------------------------------------------------------------------------------------------------------------------------------

Timing Summary Report

------------------------------------------------------------------------------------------------
| Timer Settings
| --------------
------------------------------------------------------------------------------------------------

  Enable Multi Corner Analysis               :  Yes
  Enable Pessimism Removal                   :  Yes
  Pessimism Removal Resolution               :  Nearest Common Node
  Enable Input Delay Default Clock           :  No
  Enable Preset / Clear Arcs                 :  No
  Disable Flight Delays                      :  No
  Ignore I/O Paths                           :  No
  Timing Early Launch at Borrowing Latches   :  No
  Borrow Time for Max Delay Exceptions       :  Yes
  Merge Timing Exceptions                    :  Yes

  Corner  Analyze    Analyze    
  Name    Max Paths  Min Paths  
  ------  ---------  ---------  
  Slow    Yes        Yes        
  Fast    Yes        Yes        


------------------------------------------------------------------------------------------------
| Report Methodology
| ------------------
------------------------------------------------------------------------------------------------

No report available as report_methodology has not been run prior. Run report_methodology on the current design for the summary of methodology violations.



check_timing report

Table of Contents
-----------------
1. checking no_clock (56)
2. checking constant_clock (0)
3. checking pulse_width_clock (0)
4. checking unconstrained_internal_endpoints (56)
5. checking no_input_delay (8)
6. checking no_output_delay (3)
7. checking multiple_clock (0)
8. checking generated_clocks (0)
9. checking loops (0)
10. checking partial_input_delay (0)
11. checking partial_output_delay (0)
12. checking latch_loops (0)

1. checking no_clock (56)
-------------------------
 There are 8 register/latch pins with no clock driven by root clock pin: stage_four/decimate/valid_out_reg/Q (HIGH)

 There are 16 register/latch pins with no clock driven by root clock pin: stage_one/decimate/valid_out_reg/Q (HIGH)

 There are 16 register/latch pins with no clock driven by root clock pin: stage_three/decimate/valid_out_reg/Q (HIGH)

 There are 16 register/latch pins with no clock driven by root clock pin: stage_two/decimate/valid_out_reg/Q (HIGH)


2. checking constant_clock (0)
------------------------------
 There are 0 register/latch pins with constant_clock.


3. checking pulse_width_clock (0)
---------------------------------
 There are 0 register/latch pins which need pulse_width check


4. checking unconstrained_internal_endpoints (56)
-------------------------------------------------
 There are 56 pins that are not constrained for maximum delay. (HIGH)

 There are 0 pins that are not constrained for maximum delay due to constant clock.


5. checking no_input_delay (8)
------------------------------
 There are 8 input ports with no input delay specified. (HIGH)

 There are 0 input ports with no input delay but user has a false path constraint.


6. checking no_output_delay (3)
-------------------------------
 There are 3 ports with no output delay specified. (HIGH)

 There are 0 ports with no output delay but user has a false path constraint

 There are 0 ports with no output delay but with a timing clock defined on it or propagating through it


7. checking multiple_clock (0)
------------------------------
 There are 0 register/latch pins with multiple clocks.


8. checking generated_clocks (0)
--------------------------------
 There are 0 generated clocks that are not connected to a clock source.


9. checking loops (0)
---------------------
 There are 0 combinational loops in the design.


10. checking partial_input_delay (0)
------------------------------------
 There are 0 input ports with partial input delay specified.


11. checking partial_output_delay (0)
-------------------------------------
 There are 0 ports with partial output delay specified.


12. checking latch_loops (0)
----------------------------
 There are 0 combinational latch loops in the design through latch input



------------------------------------------------------------------------------------------------
| Design Timing Summary
| ---------------------
------------------------------------------------------------------------------------------------

    WNS(ns)      TNS(ns)  TNS Failing Endpoints  TNS Total Endpoints      WHS(ns)      THS(ns)  THS Failing Endpoints  THS Total Endpoints     WPWS(ns)     TPWS(ns)  TPWS Failing Endpoints  TPWS Total Endpoints  
    -------      -------  ---------------------  -------------------      -------      -------  ---------------------  -------------------     --------     --------  ----------------------  --------------------  
      1.329        0.000                      0                 5859       -0.033       -0.033                      1                 5859        2.000        0.000                       0                  2841  


Timing constraints are not met.


------------------------------------------------------------------------------------------------
| Clock Summary
| -------------
------------------------------------------------------------------------------------------------

Clock                     Waveform(ns)       Period(ns)      Frequency(MHz)
-----                     ------------       ----------      --------------
gclk                      {0.000 4.000}      10.000          100.000         
  clk_out_audio_clk_wiz   {0.000 5.087}      10.173          98.298          
  clkfbout_audio_clk_wiz  {0.000 25.000}     50.000          20.000          


------------------------------------------------------------------------------------------------
| Intra Clock Table
| -----------------
------------------------------------------------------------------------------------------------

Clock                         WNS(ns)      TNS(ns)  TNS Failing Endpoints  TNS Total Endpoints      WHS(ns)      THS(ns)  THS Failing Endpoints  THS Total Endpoints     WPWS(ns)     TPWS(ns)  TPWS Failing Endpoints  TPWS Total Endpoints  
-----                         -------      -------  ---------------------  -------------------      -------      -------  ---------------------  -------------------     --------     --------  ----------------------  --------------------  
gclk                                                                                                                                                                        2.000        0.000                       0                     1  
  clk_out_audio_clk_wiz         1.329        0.000                      0                 5859       -0.033       -0.033                      1                 5859        4.587        0.000                       0                  2837  
  clkfbout_audio_clk_wiz                                                                                                                                                   47.845        0.000                       0                     3  


------------------------------------------------------------------------------------------------
| Inter Clock Table
| -----------------
------------------------------------------------------------------------------------------------

From Clock    To Clock          WNS(ns)      TNS(ns)  TNS Failing Endpoints  TNS Total Endpoints      WHS(ns)      THS(ns)  THS Failing Endpoints  THS Total Endpoints  
----------    --------          -------      -------  ---------------------  -------------------      -------      -------  ---------------------  -------------------  


------------------------------------------------------------------------------------------------
| Other Path Groups Table
| -----------------------
------------------------------------------------------------------------------------------------

Path Group    From Clock    To Clock          WNS(ns)      TNS(ns)  TNS Failing Endpoints  TNS Total Endpoints      WHS(ns)      THS(ns)  THS Failing Endpoints  THS Total Endpoints  
----------    ----------    --------          -------      -------  ---------------------  -------------------      -------      -------  ---------------------  -------------------  


------------------------------------------------------------------------------------------------
| Timing Details
| --------------
------------------------------------------------------------------------------------------------


---------------------------------------------------------------------------------------------------
From Clock:  gclk
  To Clock:  gclk

Setup :           NA  Failing Endpoints,  Worst Slack           NA  ,  Total Violation           NA
Hold  :           NA  Failing Endpoints,  Worst Slack           NA  ,  Total Violation           NA
PW    :            0  Failing Endpoints,  Worst Slack        2.000ns,  Total Violation        0.000ns
---------------------------------------------------------------------------------------------------


Pulse Width Checks
--------------------------------------------------------------------------------------
Clock Name:         gclk
Waveform(ns):       { 0.000 4.000 }
Period(ns):         10.000
Sources:            { clk_100mhz }

Check Type        Corner  Lib Pin            Reference Pin  Required(ns)  Actual(ns)  Slack(ns)  Location         Pin
Min Period        n/a     MMCME2_ADV/CLKIN1  n/a            1.249         10.000      8.751      MMCME2_ADV_X0Y0  macw/mmcm_adv_inst/CLKIN1
Max Period        n/a     MMCME2_ADV/CLKIN1  n/a            100.000       10.000      90.000     MMCME2_ADV_X0Y0  macw/mmcm_adv_inst/CLKIN1
Low Pulse Width   Slow    MMCME2_ADV/CLKIN1  n/a            2.000         6.000       4.000      MMCME2_ADV_X0Y0  macw/mmcm_adv_inst/CLKIN1
High Pulse Width  Slow    MMCME2_ADV/CLKIN1  n/a            2.000         4.000       2.000      MMCME2_ADV_X0Y0  macw/mmcm_adv_inst/CLKIN1



---------------------------------------------------------------------------------------------------
From Clock:  clk_out_audio_clk_wiz
  To Clock:  clk_out_audio_clk_wiz

Setup :            0  Failing Endpoints,  Worst Slack        1.329ns,  Total Violation        0.000ns
Hold  :            1  Failing Endpoint ,  Worst Slack       -0.033ns,  Total Violation       -0.033ns
PW    :            0  Failing Endpoints,  Worst Slack        4.587ns,  Total Violation        0.000ns
---------------------------------------------------------------------------------------------------


Max Delay Paths
--------------------------------------------------------------------------------------
Slack (MET) :             1.329ns  (required time - arrival time)
  Source:                 stage_three/fir/valid_counter_reg[1]/C
                            (rising edge-triggered cell FDRE clocked by clk_out_audio_clk_wiz  {rise@0.000ns fall@5.087ns period=10.173ns})
  Destination:            stage_three/fir/accumulator_reg/A[1]
                            (rising edge-triggered cell DSP48E1 clocked by clk_out_audio_clk_wiz  {rise@0.000ns fall@5.087ns period=10.173ns})
  Path Group:             clk_out_audio_clk_wiz
  Path Type:              Setup (Max at Slow Process Corner)
  Requirement:            10.173ns  (clk_out_audio_clk_wiz rise@10.173ns - clk_out_audio_clk_wiz rise@0.000ns)
  Data Path Delay:        4.997ns  (logic 1.232ns (24.655%)  route 3.765ns (75.345%))
  Logic Levels:           3  (LUT6=2 MUXF7=1)
  Clock Path Skew:        -0.017ns (DCD - SCD + CPR)
    Destination Clock Delay (DCD):    -1.521ns = ( 8.652 - 10.173 ) 
    Source Clock Delay      (SCD):    -1.023ns
    Clock Pessimism Removal (CPR):    0.481ns
  Clock Uncertainty:      0.107ns  ((TSJ^2 + DJ^2)^1/2) / 2 + PE
    Total System Jitter     (TSJ):    0.071ns
    Discrete Jitter          (DJ):    0.203ns
    Phase Error              (PE):    0.000ns

    Location             Delay type                Incr(ns)  Path(ns)    Netlist Resource(s)
  -------------------------------------------------------------------    -------------------
                         (clock clk_out_audio_clk_wiz rise edge)
                                                      0.000     0.000 r  
    N15                                               0.000     0.000 r  clk_100mhz (IN)
                         net (fo=0)                   0.000     0.000    macw/clk_100mhz
    N15                  IBUF (Prop_ibuf_I_O)         1.440     1.440 r  macw/clkin1_ibufg/O
                         net (fo=1, estimated)        1.233     2.673    macw/clk_in_audio_clk_wiz
    MMCME2_ADV_X0Y0      MMCME2_ADV (Prop_mmcme2_adv_CLKIN1_CLKOUT0)
                                                     -7.025    -4.352 r  macw/mmcm_adv_inst/CLKOUT0
                         net (fo=1, estimated)        1.666    -2.686    macw/clk_out_audio_clk_wiz
    BUFGCTRL_X0Y0        BUFG (Prop_bufg_I_O)         0.096    -2.590 r  macw/clkout1_buf/O
                         net (fo=2835, estimated)     1.567    -1.023    stage_three/fir/clk_out
    SLICE_X37Y45         FDRE                                         r  stage_three/fir/valid_counter_reg[1]/C
  -------------------------------------------------------------------    -------------------
    SLICE_X37Y45         FDRE (Prop_fdre_C_Q)         0.419    -0.604 r  stage_three/fir/valid_counter_reg[1]/Q
                         net (fo=132, estimated)      1.352     0.748    stage_three/fir/valid_counter_reg_n_0_[1]
    SLICE_X48Y41         LUT6 (Prop_lut6_I2_O)        0.297     1.045 r  stage_three/fir/accumulator_reg_i_196__0/O
                         net (fo=1, routed)           0.000     1.045    stage_three/fir/accumulator_reg_i_196__0_n_0
    SLICE_X48Y41         MUXF7 (Prop_muxf7_I1_O)      0.217     1.262 r  stage_three/fir/accumulator_reg_i_89__0/O
                         net (fo=1, estimated)        0.834     2.096    stage_three/fir/accumulator_reg_i_89__0_n_0
    SLICE_X46Y42         LUT6 (Prop_lut6_I1_O)        0.299     2.395 r  stage_three/fir/accumulator_reg_i_30__1/O
                         net (fo=1, estimated)        1.579     3.974    stage_three/fir/delay_buffer[1]
    DSP48_X0Y16          DSP48E1                                      r  stage_three/fir/accumulator_reg/A[1]
  -------------------------------------------------------------------    -------------------

                         (clock clk_out_audio_clk_wiz rise edge)
                                                     10.173    10.173 r  
    N15                                               0.000    10.173 r  clk_100mhz (IN)
                         net (fo=0)                   0.000    10.173    macw/clk_100mhz
    N15                  IBUF (Prop_ibuf_I_O)         1.370    11.543 r  macw/clkin1_ibufg/O
                         net (fo=1, estimated)        1.171    12.715    macw/clk_in_audio_clk_wiz
    MMCME2_ADV_X0Y0      MMCME2_ADV (Prop_mmcme2_adv_CLKIN1_CLKOUT0)
                                                     -7.279     5.436 r  macw/mmcm_adv_inst/CLKOUT0
                         net (fo=1, estimated)        1.583     7.019    macw/clk_out_audio_clk_wiz
    BUFGCTRL_X0Y0        BUFG (Prop_bufg_I_O)         0.091     7.110 r  macw/clkout1_buf/O
                         net (fo=2835, estimated)     1.543     8.652    stage_three/fir/clk_out
    DSP48_X0Y16          DSP48E1                                      r  stage_three/fir/accumulator_reg/CLK
                         clock pessimism              0.481     9.133    
                         clock uncertainty           -0.107     9.026    
    DSP48_X0Y16          DSP48E1 (Setup_dsp48e1_CLK_A[1])
                                                     -3.722     5.304    stage_three/fir/accumulator_reg
  -------------------------------------------------------------------
                         required time                          5.304    
                         arrival time                          -3.974    
  -------------------------------------------------------------------
                         slack                                  1.329    





Min Delay Paths
--------------------------------------------------------------------------------------
Slack (VIOLATED) :        -0.033ns  (arrival time - required time)
  Source:                 stage_three/fir/delay_buffer_reg[15][3]/C
                            (rising edge-triggered cell FDRE clocked by clk_out_audio_clk_wiz  {rise@0.000ns fall@5.087ns period=10.173ns})
  Destination:            stage_three/fir/delay_buffer_reg[16][3]/D
                            (rising edge-triggered cell FDRE clocked by clk_out_audio_clk_wiz  {rise@0.000ns fall@5.087ns period=10.173ns})
  Path Group:             clk_out_audio_clk_wiz
  Path Type:              Hold (Min at Fast Process Corner)
  Requirement:            0.000ns  (clk_out_audio_clk_wiz rise@0.000ns - clk_out_audio_clk_wiz rise@0.000ns)
  Data Path Delay:        0.276ns  (logic 0.141ns (51.108%)  route 0.135ns (48.892%))
  Logic Levels:           0  
  Clock Path Skew:        0.263ns (DCD - SCD - CPR)
    Destination Clock Delay (DCD):    -0.857ns
    Source Clock Delay      (SCD):    -0.602ns
    Clock Pessimism Removal (CPR):    -0.518ns

    Location             Delay type                Incr(ns)  Path(ns)    Netlist Resource(s)
  -------------------------------------------------------------------    -------------------
                         (clock clk_out_audio_clk_wiz rise edge)
                                                      0.000     0.000 r  
    N15                                               0.000     0.000 r  clk_100mhz (IN)
                         net (fo=0)                   0.000     0.000    macw/clk_100mhz
    N15                  IBUF (Prop_ibuf_I_O)         0.209     0.209 r  macw/clkin1_ibufg/O
                         net (fo=1, estimated)        0.520     0.728    macw/clk_in_audio_clk_wiz
    MMCME2_ADV_X0Y0      MMCME2_ADV (Prop_mmcme2_adv_CLKIN1_CLKOUT0)
                                                     -2.621    -1.893 r  macw/mmcm_adv_inst/CLKOUT0
                         net (fo=1, estimated)        0.702    -1.191    macw/clk_out_audio_clk_wiz
    BUFGCTRL_X0Y0        BUFG (Prop_bufg_I_O)         0.026    -1.165 r  macw/clkout1_buf/O
                         net (fo=2835, estimated)     0.563    -0.602    stage_three/fir/clk_out
    SLICE_X37Y41         FDRE                                         r  stage_three/fir/delay_buffer_reg[15][3]/C
  -------------------------------------------------------------------    -------------------
    SLICE_X37Y41         FDRE (Prop_fdre_C_Q)         0.141    -0.461 r  stage_three/fir/delay_buffer_reg[15][3]/Q
                         net (fo=2, estimated)        0.135    -0.326    stage_three/fir/delay_buffer_reg[15]_15[3]
    SLICE_X35Y41         FDRE                                         r  stage_three/fir/delay_buffer_reg[16][3]/D
  -------------------------------------------------------------------    -------------------

                         (clock clk_out_audio_clk_wiz rise edge)
                                                      0.000     0.000 r  
    N15                                               0.000     0.000 r  clk_100mhz (IN)
                         net (fo=0)                   0.000     0.000    macw/clk_100mhz
    N15                  IBUF (Prop_ibuf_I_O)         0.396     0.396 r  macw/clkin1_ibufg/O
                         net (fo=1, estimated)        0.547     0.943    macw/clk_in_audio_clk_wiz
    MMCME2_ADV_X0Y0      MMCME2_ADV (Prop_mmcme2_adv_CLKIN1_CLKOUT0)
                                                     -3.399    -2.456 r  macw/mmcm_adv_inst/CLKOUT0
                         net (fo=1, estimated)        0.739    -1.717    macw/clk_out_audio_clk_wiz
    BUFGCTRL_X0Y0        BUFG (Prop_bufg_I_O)         0.029    -1.688 r  macw/clkout1_buf/O
                         net (fo=2835, estimated)     0.831    -0.857    stage_three/fir/clk_out
    SLICE_X35Y41         FDRE                                         r  stage_three/fir/delay_buffer_reg[16][3]/C
                         clock pessimism              0.518    -0.339    
    SLICE_X35Y41         FDRE (Hold_fdre_C_D)         0.046    -0.293    stage_three/fir/delay_buffer_reg[16][3]
  -------------------------------------------------------------------
                         required time                          0.293    
                         arrival time                          -0.326    
  -------------------------------------------------------------------
                         slack                                 -0.033    





Pulse Width Checks
--------------------------------------------------------------------------------------
Clock Name:         clk_out_audio_clk_wiz
Waveform(ns):       { 0.000 5.087 }
Period(ns):         10.173
Sources:            { macw/mmcm_adv_inst/CLKOUT0 }

Check Type        Corner  Lib Pin             Reference Pin  Required(ns)  Actual(ns)  Slack(ns)  Location         Pin
Min Period        n/a     BUFG/I              n/a            2.155         10.173      8.018      BUFGCTRL_X0Y0    macw/clkout1_buf/I
Max Period        n/a     MMCME2_ADV/CLKOUT0  n/a            213.360       10.173      203.187    MMCME2_ADV_X0Y0  macw/mmcm_adv_inst/CLKOUT0
Low Pulse Width   Slow    FDRE/C              n/a            0.500         5.087       4.587      SLICE_X32Y59     break_state_reg/C
High Pulse Width  Slow    FDRE/C              n/a            0.500         5.087       4.587      SLICE_X32Y59     break_state_reg/C



---------------------------------------------------------------------------------------------------
From Clock:  clkfbout_audio_clk_wiz
  To Clock:  clkfbout_audio_clk_wiz

Setup :           NA  Failing Endpoints,  Worst Slack           NA  ,  Total Violation           NA
Hold  :           NA  Failing Endpoints,  Worst Slack           NA  ,  Total Violation           NA
PW    :            0  Failing Endpoints,  Worst Slack       47.845ns,  Total Violation        0.000ns
---------------------------------------------------------------------------------------------------


Pulse Width Checks
--------------------------------------------------------------------------------------
Clock Name:         clkfbout_audio_clk_wiz
Waveform(ns):       { 0.000 25.000 }
Period(ns):         50.000
Sources:            { macw/mmcm_adv_inst/CLKFBOUT }

Check Type  Corner  Lib Pin             Reference Pin  Required(ns)  Actual(ns)  Slack(ns)  Location         Pin
Min Period  n/a     BUFG/I              n/a            2.155         50.000      47.845     BUFGCTRL_X0Y1    macw/clkf_buf/I
Max Period  n/a     MMCME2_ADV/CLKFBIN  n/a            100.000       50.000      50.000     MMCME2_ADV_X0Y0  macw/mmcm_adv_inst/CLKFBIN



